DEBUG:root:start
DEBUG:root:starting
DEBUG:root:PID:None
DEBUG:root:daemonizing
INFO:root:Daemon_Goodbye_37859
DEBUG:root:start
DEBUG:root:starting
DEBUG:root:PID:None
DEBUG:root:daemonizing
INFO:root:Daemon_Hi_37882
INFO:root:Daemon_Hi_37883
INFO:root:Daemon_Hi_37883
INFO:root:Daemon_Hi_37884
INFO:root:Daemon_Goodbye_37884
DEBUG:root:start
DEBUG:root:starting
DEBUG:root:PID:None
DEBUG:root:daemonizing
INFO:root:Daemon_Hi_37911
INFO:root:Daemon_Hi_37912
INFO:root:Daemon_Hi_37912
INFO:root:Daemon_Hi_37913
DEBUG:root:End_of_dup2
INFO:root:Daemon_Goodbye_37913
DEBUG:root:start
DEBUG:root:starting
DEBUG:root:PID:None
DEBUG:root:daemonizing
INFO:root:Daemon_Hi_37921
INFO:root:Daemon_Hi_37922
INFO:root:Daemon_Hi_37922
INFO:root:Daemon_Hi_37923
DEBUG:root:End_of_dup2
ERROR:root:Daemon_died
Traceback (most recent call last):
  File "/Users/liangzhenning/Desktop/work/work_project/zabbix_api_v6/daemonize.py", line 59, in daemonize
    with open(self.pidfile,'w+') as f:
OSError: [Errno 30] Read-only file system: 'pidfile'
DEBUG:root:Daemon_is_now_running_37923
DEBUG:root:Daemonize_complete
DEBUG:root:setting up config
INFO:root:Daemon_Goodbye_37923
DEBUG:root:stop
DEBUG:root:stopping
DEBUG:root:stop
DEBUG:root:stopping
DEBUG:root:start
DEBUG:root:starting
DEBUG:root:PID:None
DEBUG:root:daemonizing
INFO:root:Daemon_Hi_37938
INFO:root:Daemon_Hi_37939
INFO:root:Daemon_Hi_37939
INFO:root:Daemon_Hi_37940
DEBUG:root:End_of_dup2
ERROR:root:Daemon_died
Traceback (most recent call last):
  File "/Users/liangzhenning/Desktop/work/work_project/zabbix_api_v6/daemonize.py", line 59, in daemonize
    with open(self.pidfile,'w+') as f:
OSError: [Errno 30] Read-only file system: 'pidfile'
DEBUG:root:Daemon_is_now_running_37940
DEBUG:root:Daemonize_complete
DEBUG:root:setting_up_config
INFO:root:Daemon_Goodbye_37940
DEBUG:root:start
DEBUG:root:starting
DEBUG:root:PID:None
DEBUG:root:daemonizing
INFO:root:Daemon_Hi_37963
INFO:root:Daemon_Hi_37964
INFO:root:Daemon_Hi_37964
INFO:root:Daemon_Hi_37965
DEBUG:root:End_of_dup2
DEBUG:root:Daemon_is_now_running_37965
DEBUG:root:Daemonize_complete
DEBUG:root:setting_up_config
INFO:root:Daemon_Goodbye_37965
DEBUG:root:start
DEBUG:root:starting
DEBUG:root:PID:None
DEBUG:root:daemonizing
INFO:root:Daemon_Hi_37971
INFO:root:Daemon_Hi_37972
INFO:root:Daemon_Hi_37972
INFO:root:Daemon_Hi_37973
DEBUG:root:End_of_dup2
DEBUG:root:Daemon_is_now_running_37973
DEBUG:root:Daemonize_complete
DEBUG:root:setting_up_config
ERROR:root:config_failed
Traceback (most recent call last):
  File "main.py", line 16, in config_setup
    fp = open(self.conf_Path)
FileNotFoundError: [Errno 2] No such file or directory: '/Users/liangzhenning/Desktop/work/work_project/zabbix_api_v6/miware.conf'
INFO:root:Daemon_Goodbye_37973
DEBUG:root:start
DEBUG:root:starting
DEBUG:root:PID:None
DEBUG:root:daemonizing
INFO:root:Daemon_Hi_37976
INFO:root:Daemon_Hi_37977
INFO:root:Daemon_Hi_37977
INFO:root:Daemon_Hi_37978
DEBUG:root:End_of_dup2
DEBUG:root:Daemon_is_now_running_37978
DEBUG:root:Daemonize_complete
DEBUG:root:setting_up_config
DEBUG:root:config_complete
DEBUG:root:running...
DEBUG:root:running...
DEBUG:root:running...
DEBUG:root:running...
DEBUG:root:running...
DEBUG:root:running...
DEBUG:root:running...
DEBUG:root:running...
DEBUG:root:running...
DEBUG:root:running...
DEBUG:root:running...
DEBUG:root:running...
DEBUG:root:stop
DEBUG:root:stopping
DEBUG:root:Send_stop_message
DEBUG:root:stopping
DEBUG:root:Send_start_message
DEBUG:root:starting
DEBUG:root:PID:None
DEBUG:root:daemonizing
INFO:root:Daemon_Hi_38004
INFO:root:Daemon_Hi_38005
INFO:root:Daemon_Hi_38005
INFO:root:Daemon_Hi_38006
DEBUG:root:End_of_dup2
DEBUG:root:Daemon_is_now_running_38006
DEBUG:root:Daemonize_complete
DEBUG:root:setting_up_config
DEBUG:root:config_complete
DEBUG:root:running...
DEBUG:root:running...
DEBUG:root:running...
DEBUG:root:running...
DEBUG:root:running...
DEBUG:root:running...
DEBUG:root:running...
DEBUG:root:running...
DEBUG:root:running...
DEBUG:root:running...
DEBUG:root:running...
DEBUG:root:running...
DEBUG:root:running...
DEBUG:root:running...
DEBUG:root:Send_stop_message
DEBUG:root:stopping
INFO:root:daemon_has_stoped
DEBUG:root:Send_start_message
DEBUG:root:starting
DEBUG:root:PID:None
DEBUG:root:daemonizing
INFO:root:Daemon_Hi_38058
INFO:root:Daemon_Hi_38059
INFO:root:Daemon_Hi_38059
INFO:root:Daemon_Hi_38060
DEBUG:root:End_of_dup2
DEBUG:root:Daemon_is_now_running_38060
DEBUG:root:Daemonize_complete
DEBUG:root:setting_up_config
DEBUG:root:config_complete
DEBUG:root:running...
DEBUG:root:running...
DEBUG:root:running...
DEBUG:root:running...
DEBUG:root:Send_restart_message
DEBUG:root:restarting
DEBUG:root:stopping
INFO:root:daemon_has_stoped
DEBUG:root:starting
DEBUG:root:PID:None
DEBUG:root:daemonizing
INFO:root:Daemon_Hi_38072
INFO:root:Daemon_Hi_38073
INFO:root:Daemon_Hi_38073
INFO:root:Daemon_Hi_38074
DEBUG:root:End_of_dup2
DEBUG:root:Daemon_is_now_running_38074
DEBUG:root:Daemonize_complete
DEBUG:root:setting_up_config
DEBUG:root:config_complete
DEBUG:root:running...
DEBUG:root:running...
DEBUG:root:running...
DEBUG:root:running...
DEBUG:root:running...
DEBUG:root:running...
DEBUG:root:Send_stop_message
DEBUG:root:stopping
INFO:root:daemon_has_stoped
INFO:root:Daemon_Hi_39920
INFO:root:Daemon_Hi_39921
INFO:root:Daemon_Hi_39921
INFO:root:Daemon_Hi_39922
INFO:root:Daemon_Goodbye_39922
INFO:root:Daemon_Hi_39936
INFO:root:Daemon_Hi_39937
INFO:root:Daemon_Hi_39937
INFO:root:Daemon_Hi_39938
INFO:root:Daemon_Goodbye_39938
INFO:root:Daemon_Hi_40080
INFO:root:Daemon_Hi_40081
INFO:root:Daemon_Hi_40081
INFO:root:Daemon_Hi_40082
INFO:root:Daemon_Goodbye_40082
DEBUG:root:Send_start_message
DEBUG:root:starting
DEBUG:root:PID:None
DEBUG:root:daemonizing
INFO:root:Daemon_Hi_40155
INFO:root:Daemon_Hi_40156
INFO:root:Daemon_Hi_40156
INFO:root:Daemon_Hi_40157
DEBUG:root:End_of_dup2
DEBUG:root:Daemon_is_now_running_40157
DEBUG:root:Daemonize_complete
DEBUG:root:setting_up_config
DEBUG:root:config_complete
INFO:root:Daemon_Goodbye_40157
DEBUG:root:Send_start_message
DEBUG:root:starting
DEBUG:root:PID:None
DEBUG:root:daemonizing
INFO:root:Daemon_Hi_40254
INFO:root:Daemon_Hi_40257
INFO:root:Daemon_Hi_40257
INFO:root:Daemon_Hi_40258
DEBUG:root:End_of_dup2
INFO:root:Daemon_is_now_running_40258
DEBUG:root:Daemonize_complete
DEBUG:root:setting_up_config
DEBUG:root:config_complete
INFO:root:Daemon_Goodbye_40258
DEBUG:root:Send_start_message
DEBUG:root:starting
DEBUG:root:PID:None
DEBUG:root:daemonizing
INFO:root:Daemon_Hi_40408
INFO:root:Daemon_Hi_40409
INFO:root:Daemon_Hi_40409
INFO:root:Daemon_Hi_40410
DEBUG:root:End_of_dup2
INFO:root:Daemon_is_now_running_40410
DEBUG:root:Daemonize_complete
DEBUG:root:setting_up_config
DEBUG:root:config_complete
INFO:root:Daemon_Goodbye_40410
DEBUG:root:Send_start_message
DEBUG:root:starting
DEBUG:root:PID:None
DEBUG:root:daemonizing
INFO:root:Daemon_Hi_40586
INFO:root:Daemon_Hi_40589
INFO:root:Daemon_Hi_40589
INFO:root:Daemon_Hi_40590
DEBUG:root:End_of_dup2
INFO:root:Daemon_is_now_running_40590
DEBUG:root:Daemonize_complete
DEBUG:root:setting_up_config
DEBUG:root:config_complete
DEBUG:root:time_set
INFO:root:Daemon_Goodbye_40590
DEBUG:root:Send_start_message
DEBUG:root:starting
DEBUG:root:PID:None
DEBUG:root:daemonizing
INFO:root:Daemon_Hi_40701
INFO:root:Daemon_Hi_40702
INFO:root:Daemon_Hi_40702
INFO:root:Daemon_Hi_40703
DEBUG:root:End_of_dup2
INFO:root:Daemon_is_now_running_40703
DEBUG:root:Daemonize_complete
DEBUG:root:setting_up_config
DEBUG:root:config_complete
DEBUG:root:time_set
ERROR:root:Login_error
Traceback (most recent call last):
  File "main.py", line 41, in query
    zq.login(host=zabbix["host"],User=zabbix["user"], Password=zabbix["password"])
TypeError: login() got an unexpected keyword argument 'User'
DEBUG:root:prepared_to_query
INFO:root:Daemon_Goodbye_40703
DEBUG:root:Send_start_message
DEBUG:root:starting
DEBUG:root:PID:None
DEBUG:root:daemonizing
INFO:root:Daemon_Hi_40739
INFO:root:Daemon_Hi_40740
INFO:root:Daemon_Hi_40740
INFO:root:Daemon_Hi_40741
DEBUG:root:End_of_dup2
INFO:root:Daemon_is_now_running_40741
DEBUG:root:Daemonize_complete
DEBUG:root:setting_up_config
DEBUG:root:config_complete
DEBUG:root:time_set
DEBUG:urllib3.connectionpool:Starting new HTTP connection (1): 172.16.1.70:80
DEBUG:urllib3.connectionpool:http://172.16.1.70:80 "POST /zabbix/api_jsonrpc.php HTTP/1.1" 200 None
DEBUG:root:keytoken=a0468babe8c20c9e0f27cb4feb543967
DEBUG:root:prepared_to_query
DEBUG:urllib3.connectionpool:Starting new HTTP connection (1): 172.16.1.70:80
DEBUG:urllib3.connectionpool:http://172.16.1.70:80 "POST /zabbix/api_jsonrpc.php HTTP/1.1" 200 None
ERROR:root:Fail_on_write
Traceback (most recent call last):
  File "/Users/liangzhenning/Desktop/work/work_project/zabbix_api_v6/c2v.py", line 10, in json2csv
    fp = os.open(file_name, os.O_RDWR|os.O_APPEND|os.O_CREAT)
OSError: [Errno 30] Read-only file system: 'zabbix_probe@20201008_16_16'
DEBUG:urllib3.connectionpool:Starting new HTTP connection (1): 172.16.1.70:80
DEBUG:urllib3.connectionpool:http://172.16.1.70:80 "POST /zabbix/api_jsonrpc.php HTTP/1.1" 200 None
DEBUG:root:query_safe
ERROR:root:Fail_on_write
Traceback (most recent call last):
  File "/Users/liangzhenning/Desktop/work/work_project/zabbix_api_v6/c2v.py", line 10, in json2csv
    fp = os.open(file_name, os.O_RDWR|os.O_APPEND|os.O_CREAT)
OSError: [Errno 30] Read-only file system: 'zabbix_probe@20201008_16_16'
DEBUG:root:time_set
DEBUG:urllib3.connectionpool:Starting new HTTP connection (1): 172.16.1.70:80
DEBUG:urllib3.connectionpool:http://172.16.1.70:80 "POST /zabbix/api_jsonrpc.php HTTP/1.1" 200 None
DEBUG:root:keytoken=f43cbcd83eff1d8041cbce1cddaf7fea
DEBUG:root:prepared_to_query
DEBUG:urllib3.connectionpool:Starting new HTTP connection (1): 172.16.1.70:80
DEBUG:urllib3.connectionpool:http://172.16.1.70:80 "POST /zabbix/api_jsonrpc.php HTTP/1.1" 200 None
ERROR:root:Fail_on_write
Traceback (most recent call last):
  File "/Users/liangzhenning/Desktop/work/work_project/zabbix_api_v6/c2v.py", line 10, in json2csv
    fp = os.open(file_name, os.O_RDWR|os.O_APPEND|os.O_CREAT)
OSError: [Errno 30] Read-only file system: 'zabbix_probe@20201008_16_17'
DEBUG:urllib3.connectionpool:Starting new HTTP connection (1): 172.16.1.70:80
DEBUG:urllib3.connectionpool:http://172.16.1.70:80 "POST /zabbix/api_jsonrpc.php HTTP/1.1" 200 None
DEBUG:root:query_safe
ERROR:root:Fail_on_write
Traceback (most recent call last):
  File "/Users/liangzhenning/Desktop/work/work_project/zabbix_api_v6/c2v.py", line 10, in json2csv
    fp = os.open(file_name, os.O_RDWR|os.O_APPEND|os.O_CREAT)
OSError: [Errno 30] Read-only file system: 'zabbix_probe@20201008_16_17'
DEBUG:root:Send_stop_message
DEBUG:root:stopping
INFO:root:daemon_has_stoped
DEBUG:root:Send_start_message
DEBUG:root:starting
DEBUG:root:PID:None
DEBUG:root:daemonizing
INFO:root:Daemon_Hi_40989
INFO:root:Daemon_Hi_40990
INFO:root:Daemon_Hi_40990
INFO:root:Daemon_Hi_40991
DEBUG:root:End_of_dup2
INFO:root:Daemon_is_now_running_40991
DEBUG:root:Daemonize_complete
DEBUG:root:setting_up_config
DEBUG:root:config_complete
DEBUG:root:time_set
DEBUG:urllib3.connectionpool:Starting new HTTP connection (1): 172.16.1.70:80
DEBUG:urllib3.connectionpool:http://172.16.1.70:80 "POST /zabbix/api_jsonrpc.php HTTP/1.1" 200 None
DEBUG:root:keytoken=67b41195fdbd0c87039935373bf9cf78
DEBUG:root:prepared_to_query
DEBUG:urllib3.connectionpool:Starting new HTTP connection (1): 172.16.1.70:80
DEBUG:urllib3.connectionpool:http://172.16.1.70:80 "POST /zabbix/api_jsonrpc.php HTTP/1.1" 200 None
ERROR:root:Fail_on_write
Traceback (most recent call last):
  File "/Users/liangzhenning/Desktop/work/work_project/zabbix_api_v6/c2v.py", line 10, in json2csv
    fp = os.open(file_name, os.O_RDWR|os.O_APPEND|os.O_CREAT)
OSError: [Errno 30] Read-only file system: 'zabbix_probe@20201008_16_20'
DEBUG:urllib3.connectionpool:Starting new HTTP connection (1): 172.16.1.70:80
DEBUG:urllib3.connectionpool:http://172.16.1.70:80 "POST /zabbix/api_jsonrpc.php HTTP/1.1" 200 None
DEBUG:root:query_safe
ERROR:root:Fail_on_write
Traceback (most recent call last):
  File "/Users/liangzhenning/Desktop/work/work_project/zabbix_api_v6/c2v.py", line 10, in json2csv
    fp = os.open(file_name, os.O_RDWR|os.O_APPEND|os.O_CREAT)
OSError: [Errno 30] Read-only file system: 'zabbix_probe@20201008_16_20'
DEBUG:root:Send_stop_message
DEBUG:root:stopping
INFO:root:daemon_has_stoped
DEBUG:root:Send_start_message
DEBUG:root:starting
DEBUG:root:PID:None
DEBUG:root:daemonizing
INFO:root:Daemon_Hi_41013
INFO:root:Daemon_Hi_41014
INFO:root:Daemon_Hi_41014
INFO:root:Daemon_Hi_41015
DEBUG:root:End_of_dup2
INFO:root:Daemon_is_now_running_41015
DEBUG:root:Daemonize_complete
DEBUG:root:setting_up_config
DEBUG:root:config_complete
DEBUG:root:time_set
DEBUG:urllib3.connectionpool:Starting new HTTP connection (1): 172.16.1.70:80
DEBUG:urllib3.connectionpool:http://172.16.1.70:80 "POST /zabbix/api_jsonrpc.php HTTP/1.1" 200 None
DEBUG:root:keytoken=d255606e5c0ed9e517e5eaa6fd7a1745
DEBUG:root:prepared_to_query
DEBUG:urllib3.connectionpool:Starting new HTTP connection (1): 172.16.1.70:80
DEBUG:urllib3.connectionpool:http://172.16.1.70:80 "POST /zabbix/api_jsonrpc.php HTTP/1.1" 200 None
DEBUG:urllib3.connectionpool:Starting new HTTP connection (1): 172.16.1.70:80
DEBUG:urllib3.connectionpool:http://172.16.1.70:80 "POST /zabbix/api_jsonrpc.php HTTP/1.1" 200 None
DEBUG:root:Query_complete
DEBUG:root:time_set
DEBUG:urllib3.connectionpool:Starting new HTTP connection (1): 172.16.1.70:80
DEBUG:urllib3.connectionpool:http://172.16.1.70:80 "POST /zabbix/api_jsonrpc.php HTTP/1.1" 200 None
DEBUG:root:keytoken=098157ea2ee2ccd412e0111cc2890ba7
DEBUG:root:prepared_to_query
DEBUG:urllib3.connectionpool:Starting new HTTP connection (1): 172.16.1.70:80
DEBUG:urllib3.connectionpool:http://172.16.1.70:80 "POST /zabbix/api_jsonrpc.php HTTP/1.1" 200 None
DEBUG:urllib3.connectionpool:Starting new HTTP connection (1): 172.16.1.70:80
DEBUG:urllib3.connectionpool:http://172.16.1.70:80 "POST /zabbix/api_jsonrpc.php HTTP/1.1" 200 None
INFO:root:Empty_result
DEBUG:root:Query_complete
DEBUG:root:Send_restart_message
DEBUG:root:restarting
DEBUG:root:stopping
INFO:root:daemon_has_stoped
DEBUG:root:starting
DEBUG:root:PID:None
DEBUG:root:daemonizing
INFO:root:Daemon_Hi_41103
INFO:root:Daemon_Hi_41104
INFO:root:Daemon_Hi_41104
INFO:root:Daemon_Hi_41105
DEBUG:root:End_of_dup2
INFO:root:Daemon_is_now_running_41105
DEBUG:root:Daemonize_complete
DEBUG:root:setting_up_config
DEBUG:root:config_complete
DEBUG:root:time_set
DEBUG:urllib3.connectionpool:Starting new HTTP connection (1): 172.16.1.70:80
DEBUG:urllib3.connectionpool:http://172.16.1.70:80 "POST /zabbix/api_jsonrpc.php HTTP/1.1" 200 None
DEBUG:root:keytoken=618fefc919e8098d8d751b427567939f
DEBUG:root:prepared_to_query
DEBUG:urllib3.connectionpool:Starting new HTTP connection (1): 172.16.1.70:80
DEBUG:urllib3.connectionpool:http://172.16.1.70:80 "POST /zabbix/api_jsonrpc.php HTTP/1.1" 200 None
DEBUG:urllib3.connectionpool:Starting new HTTP connection (1): 172.16.1.70:80
DEBUG:urllib3.connectionpool:http://172.16.1.70:80 "POST /zabbix/api_jsonrpc.php HTTP/1.1" 200 None
INFO:root:Empty_result
DEBUG:root:Query_complete
DEBUG:root:time_set
DEBUG:urllib3.connectionpool:Starting new HTTP connection (1): 172.16.1.70:80
DEBUG:urllib3.connectionpool:http://172.16.1.70:80 "POST /zabbix/api_jsonrpc.php HTTP/1.1" 200 None
DEBUG:root:keytoken=6311ed028e3457870725dd223217f4ce
DEBUG:root:prepared_to_query
DEBUG:urllib3.connectionpool:Starting new HTTP connection (1): 172.16.1.70:80
DEBUG:urllib3.connectionpool:http://172.16.1.70:80 "POST /zabbix/api_jsonrpc.php HTTP/1.1" 200 None
DEBUG:urllib3.connectionpool:Starting new HTTP connection (1): 172.16.1.70:80
DEBUG:urllib3.connectionpool:http://172.16.1.70:80 "POST /zabbix/api_jsonrpc.php HTTP/1.1" 200 None
DEBUG:root:Query_complete
DEBUG:root:time_set
DEBUG:urllib3.connectionpool:Starting new HTTP connection (1): 172.16.1.70:80
DEBUG:urllib3.connectionpool:http://172.16.1.70:80 "POST /zabbix/api_jsonrpc.php HTTP/1.1" 200 None
DEBUG:root:keytoken=8834d07e12a17cc31937b36491d1ad3e
DEBUG:root:prepared_to_query
DEBUG:urllib3.connectionpool:Starting new HTTP connection (1): 172.16.1.70:80
DEBUG:urllib3.connectionpool:http://172.16.1.70:80 "POST /zabbix/api_jsonrpc.php HTTP/1.1" 200 None
DEBUG:urllib3.connectionpool:Starting new HTTP connection (1): 172.16.1.70:80
DEBUG:urllib3.connectionpool:http://172.16.1.70:80 "POST /zabbix/api_jsonrpc.php HTTP/1.1" 200 None
DEBUG:root:Query_complete
DEBUG:root:Send_stop_message
DEBUG:root:stopping
INFO:root:daemon_has_stoped
INFO:root:Daemon_Hi_1495
INFO:root:Daemon_Hi_1496
INFO:root:Daemon_Hi_1496
INFO:root:Daemon_Hi_1497
INFO:root:Daemon_is_now_running_1497
INFO:root:daemon_has_stoped
ERROR:root:Unkown argument
DEBUG:root:Send_start_message
DEBUG:root:starting
DEBUG:root:PID:None
DEBUG:root:daemonizing
INFO:root:Daemon_Hi_1668
INFO:root:Daemon_Hi_1669
INFO:root:Daemon_Hi_1669
INFO:root:Daemon_Hi_1670
DEBUG:root:End_of_dup2
INFO:root:Daemon_is_now_running_1670
DEBUG:root:Daemonize_complete
DEBUG:root:setting_up_config
DEBUG:root:config_complete
DEBUG:urllib3.connectionpool:Starting new HTTP connection (1): 172.16.1.70:80
DEBUG:urllib3.connectionpool:http://172.16.1.70:80 "POST /zabbix/api_jsonrpc.php HTTP/1.1" 200 None
DEBUG:root:keytoken=da6e1991abc0182c3bea39e24f06b2d4
DEBUG:urllib3.connectionpool:Starting new HTTP connection (1): 172.16.1.70:80
DEBUG:urllib3.connectionpool:http://172.16.1.70:80 "POST /zabbix/api_jsonrpc.php HTTP/1.1" 200 None
DEBUG:urllib3.connectionpool:Starting new HTTP connection (1): 172.16.1.70:80
DEBUG:urllib3.connectionpool:http://172.16.1.70:80 "POST /zabbix/api_jsonrpc.php HTTP/1.1" 200 None
DEBUG:urllib3.connectionpool:Starting new HTTP connection (1): 172.16.1.70:80
DEBUG:urllib3.connectionpool:http://172.16.1.70:80 "POST /zabbix/api_jsonrpc.php HTTP/1.1" 200 None
DEBUG:root:Send_stop_message
DEBUG:root:stopping
INFO:root:daemon_has_stoped
DEBUG:root:Send_start_message
DEBUG:root:starting
DEBUG:root:PID:None
DEBUG:root:daemonizing
INFO:root:Daemon_Hi_1775
INFO:root:Daemon_Hi_1778
INFO:root:Daemon_Hi_1778
INFO:root:Daemon_Hi_1779
DEBUG:root:End_of_dup2
INFO:root:Daemon_is_now_running_1779
DEBUG:root:Daemonize_complete
DEBUG:root:setting_up_config
DEBUG:root:config_complete
DEBUG:urllib3.connectionpool:Starting new HTTP connection (1): 172.16.1.70:80
DEBUG:urllib3.connectionpool:http://172.16.1.70:80 "POST /zabbix/api_jsonrpc.php HTTP/1.1" 200 None
DEBUG:root:keytoken=037674234ee5f8ed20bcef5a04504fec
DEBUG:urllib3.connectionpool:Starting new HTTP connection (1): 172.16.1.70:80
DEBUG:urllib3.connectionpool:http://172.16.1.70:80 "POST /zabbix/api_jsonrpc.php HTTP/1.1" 200 None
DEBUG:urllib3.connectionpool:Starting new HTTP connection (1): 172.16.1.70:80
DEBUG:urllib3.connectionpool:http://172.16.1.70:80 "POST /zabbix/api_jsonrpc.php HTTP/1.1" 200 None
DEBUG:root:Send_stop_message
DEBUG:root:stopping
INFO:root:daemon_has_stoped
DEBUG:root:Send_start_message
DEBUG:root:starting
DEBUG:root:PID:None
DEBUG:root:daemonizing
INFO:root:Daemon_Hi_1878
INFO:root:Daemon_Hi_1879
INFO:root:Daemon_Hi_1879
INFO:root:Daemon_Hi_1880
DEBUG:root:End_of_dup2
INFO:root:Daemon_is_now_running_1880
DEBUG:root:Daemonize_complete
DEBUG:root:setting_up_config
DEBUG:root:config_complete
DEBUG:urllib3.connectionpool:Starting new HTTP connection (1): 172.16.1.70:80
DEBUG:urllib3.connectionpool:http://172.16.1.70:80 "POST /zabbix/api_jsonrpc.php HTTP/1.1" 200 None
DEBUG:root:keytoken=4955923c080347d0ae7ca3c04c97dcc8
DEBUG:urllib3.connectionpool:Starting new HTTP connection (1): 172.16.1.70:80
DEBUG:urllib3.connectionpool:http://172.16.1.70:80 "POST /zabbix/api_jsonrpc.php HTTP/1.1" 200 None
DEBUG:root:prepared_to_query
DEBUG:urllib3.connectionpool:Starting new HTTP connection (1): 172.16.1.70:80
DEBUG:urllib3.connectionpool:http://172.16.1.70:80 "POST /zabbix/api_jsonrpc.php HTTP/1.1" 200 None
INFO:root:Daemon_Goodbye_1880
DEBUG:root:Send_start_message
DEBUG:root:starting
DEBUG:root:PID:None
DEBUG:root:daemonizing
INFO:root:Daemon_Hi_1938
INFO:root:Daemon_Hi_1939
INFO:root:Daemon_Hi_1939
INFO:root:Daemon_Hi_1940
DEBUG:root:End_of_dup2
INFO:root:Daemon_is_now_running_1940
DEBUG:root:Daemonize_complete
DEBUG:root:setting_up_config
DEBUG:root:config_complete
DEBUG:urllib3.connectionpool:Starting new HTTP connection (1): 172.16.1.70:80
DEBUG:urllib3.connectionpool:http://172.16.1.70:80 "POST /zabbix/api_jsonrpc.php HTTP/1.1" 200 None
DEBUG:root:keytoken=f1b254f83c4fe6c877771416915b00fb
DEBUG:urllib3.connectionpool:Starting new HTTP connection (1): 172.16.1.70:80
DEBUG:urllib3.connectionpool:http://172.16.1.70:80 "POST /zabbix/api_jsonrpc.php HTTP/1.1" 200 None
DEBUG:root:prepared_to_query
DEBUG:urllib3.connectionpool:Starting new HTTP connection (1): 172.16.1.70:80
DEBUG:urllib3.connectionpool:http://172.16.1.70:80 "POST /zabbix/api_jsonrpc.php HTTP/1.1" 200 None
INFO:root:Daemon_Goodbye_1940
DEBUG:root:Send_start_message
DEBUG:root:starting
DEBUG:root:PID:None
DEBUG:root:daemonizing
INFO:root:Daemon_Hi_2083
INFO:root:Daemon_Hi_2086
INFO:root:Daemon_Hi_2086
INFO:root:Daemon_Hi_2087
DEBUG:root:End_of_dup2
INFO:root:Daemon_is_now_running_2087
DEBUG:root:Daemonize_complete
DEBUG:root:setting_up_config
DEBUG:root:config_complete
DEBUG:urllib3.connectionpool:Starting new HTTP connection (1): 172.16.1.70:80
DEBUG:urllib3.connectionpool:http://172.16.1.70:80 "POST /zabbix/api_jsonrpc.php HTTP/1.1" 200 None
DEBUG:root:keytoken=2763e326462c40d6b74a25d8ae1a4e00
DEBUG:urllib3.connectionpool:Starting new HTTP connection (1): 172.16.1.70:80
DEBUG:urllib3.connectionpool:http://172.16.1.70:80 "POST /zabbix/api_jsonrpc.php HTTP/1.1" 200 None
DEBUG:root:prepared_to_query
DEBUG:urllib3.connectionpool:Starting new HTTP connection (1): 172.16.1.70:80
DEBUG:urllib3.connectionpool:http://172.16.1.70:80 "POST /zabbix/api_jsonrpc.php HTTP/1.1" 200 None
ERROR:root:Error_while_query
Traceback (most recent call last):
  File "main.py", line 33, in run
    zq.bulk_query(self.config, self.out_Dir)
  File "/Users/liangzhenning/Desktop/work/work_project/zabbix_api_v6/zabbix_query.py", line 121, in bulk_query
    t = threading.Thread(
NameError: name 'threading' is not defined
INFO:root:Daemon_Goodbye_2087
DEBUG:root:Send_start_message
DEBUG:root:starting
DEBUG:root:PID:None
DEBUG:root:daemonizing
INFO:root:Daemon_Hi_2110
INFO:root:Daemon_Hi_2111
INFO:root:Daemon_Hi_2111
INFO:root:Daemon_Hi_2112
DEBUG:root:End_of_dup2
INFO:root:Daemon_is_now_running_2112
DEBUG:root:Daemonize_complete
DEBUG:root:setting_up_config
DEBUG:root:config_complete
DEBUG:urllib3.connectionpool:Starting new HTTP connection (1): 172.16.1.70:80
DEBUG:urllib3.connectionpool:http://172.16.1.70:80 "POST /zabbix/api_jsonrpc.php HTTP/1.1" 200 None
DEBUG:root:keytoken=7b3c8d7f7fb02d869d78c9733dc553f6
DEBUG:urllib3.connectionpool:Starting new HTTP connection (1): 172.16.1.70:80
DEBUG:urllib3.connectionpool:http://172.16.1.70:80 "POST /zabbix/api_jsonrpc.php HTTP/1.1" 200 None
DEBUG:root:prepared_to_query
DEBUG:urllib3.connectionpool:Starting new HTTP connection (1): 172.16.1.70:80
DEBUG:urllib3.connectionpool:http://172.16.1.70:80 "POST /zabbix/api_jsonrpc.php HTTP/1.1" 200 None
DEBUG:root:writing_to_/Users/liangzhenning/Desktop/work/work_project/zabbix_api_v6/probe/zabbix_probe@20201014_15_32
DEBUG:urllib3.connectionpool:Starting new HTTP connection (1): 172.16.1.70:80
DEBUG:urllib3.connectionpool:http://172.16.1.70:80 "POST /zabbix/api_jsonrpc.php HTTP/1.1" 200 None
DEBUG:root:writing_to_/Users/liangzhenning/Desktop/work/work_project/zabbix_api_v6/probe/zabbix_probe@20201014_15_32
DEBUG:root:Query_complete
DEBUG:root:Send_stop_message
DEBUG:root:stopping
INFO:root:daemon_has_stoped
ERROR:root:Unkown argument
INFO:root:Daemon_Hi_3405
INFO:root:Daemon_Hi_3407
INFO:root:Daemon_Hi_3407
INFO:root:Daemon_Hi_3408
INFO:root:Daemon_is_now_running_3408
INFO:root:Daemon_Goodbye_3408
INFO:root:Daemon_Hi_3421
INFO:root:Daemon_Hi_3423
INFO:root:Daemon_Hi_3423
INFO:root:Daemon_Hi_3424
INFO:root:Daemon_is_now_running_3424
INFO:root:Daemon_Goodbye_3424
DEBUG:root:Send_start_message
DEBUG:root:starting
DEBUG:root:PID:None
DEBUG:root:daemonizing
INFO:root:Daemon_Hi_3441
INFO:root:Daemon_Hi_3443
INFO:root:Daemon_Hi_3443
INFO:root:Daemon_Hi_3444
DEBUG:root:End_of_dup2
INFO:root:Daemon_is_now_running_3444
DEBUG:root:Daemonize_complete
DEBUG:root:setting_up_config
DEBUG:root:config_complete
DEBUG:urllib3.connectionpool:Starting new HTTP connection (1): 172.16.1.70:80
DEBUG:urllib3.connectionpool:http://172.16.1.70:80 "POST /zabbix/api_jsonrpc.php HTTP/1.1" 200 None
DEBUG:root:keytoken=2323aa88427b0625284818de4b12c191
INFO:root:Daemon_Goodbye_3444
DEBUG:root:Send_start_message
DEBUG:root:starting
DEBUG:root:PID:None
DEBUG:root:daemonizing
INFO:root:Daemon_Hi_3522
INFO:root:Daemon_Hi_3524
INFO:root:Daemon_Hi_3524
INFO:root:Daemon_Hi_3525
DEBUG:root:End_of_dup2
INFO:root:Daemon_is_now_running_3525
DEBUG:root:Daemonize_complete
DEBUG:root:setting_up_config
DEBUG:root:config_complete
DEBUG:urllib3.connectionpool:Starting new HTTP connection (1): 172.16.1.70:80
DEBUG:urllib3.connectionpool:http://172.16.1.70:80 "POST /zabbix/api_jsonrpc.php HTTP/1.1" 200 None
DEBUG:root:keytoken=1c482aab03c1e619e5332d18e704344b
INFO:root:Daemon_Goodbye_3525
DEBUG:root:Send_start_message
DEBUG:root:starting
DEBUG:root:PID:None
DEBUG:root:daemonizing
INFO:root:Daemon_Hi_3573
INFO:root:Daemon_Hi_3575
INFO:root:Daemon_Hi_3575
INFO:root:Daemon_Hi_3576
DEBUG:root:End_of_dup2
INFO:root:Daemon_is_now_running_3576
DEBUG:root:Daemonize_complete
DEBUG:root:setting_up_config
DEBUG:root:config_complete
DEBUG:urllib3.connectionpool:Starting new HTTP connection (1): 172.16.1.70:80
DEBUG:urllib3.connectionpool:http://172.16.1.70:80 "POST /zabbix/api_jsonrpc.php HTTP/1.1" 200 None
DEBUG:root:keytoken=28ebbaf3dc694896990fd1ed6bffe6ed
ERROR:root:UI_error
Traceback (most recent call last):
  File "zabbix_main.py", line 43, in run
    ui = threading.Thread(target=self.ui_run, args=(self,))
NameError: name 'threading' is not defined
INFO:root:Daemon_Goodbye_3576
DEBUG:root:Send_start_message
DEBUG:root:starting
DEBUG:root:PID:None
DEBUG:root:daemonizing
INFO:root:Daemon_Hi_3589
INFO:root:Daemon_Hi_3591
INFO:root:Daemon_Hi_3591
INFO:root:Daemon_Hi_3592
DEBUG:root:End_of_dup2
INFO:root:Daemon_is_now_running_3592
DEBUG:root:Daemonize_complete
DEBUG:root:setting_up_config
DEBUG:root:config_complete
DEBUG:urllib3.connectionpool:Starting new HTTP connection (1): 172.16.1.70:80
DEBUG:urllib3.connectionpool:http://172.16.1.70:80 "POST /zabbix/api_jsonrpc.php HTTP/1.1" 200 None
DEBUG:root:keytoken=691572a113c5ea50b1348adae4131791
DEBUG:urllib3.connectionpool:Starting new HTTP connection (1): 172.16.1.70:80
DEBUG:urllib3.connectionpool:http://172.16.1.70:80 "POST /zabbix/api_jsonrpc.php HTTP/1.1" 200 None
INFO:root:Start_query
DEBUG:urllib3.connectionpool:Starting new HTTP connection (1): 172.16.1.70:80
DEBUG:urllib3.connectionpool:http://172.16.1.70:80 "POST /zabbix/api_jsonrpc.php HTTP/1.1" 200 None
DEBUG:root:writing_to_/Users/liangzhenning/Desktop/work/work_project/zabbix_api_v6/probe/zabbix_probe@20201014_17_03
DEBUG:urllib3.connectionpool:Starting new HTTP connection (1): 172.16.1.70:80
DEBUG:urllib3.connectionpool:http://172.16.1.70:80 "POST /zabbix/api_jsonrpc.php HTTP/1.1" 200 None
INFO:root:Empty_result
DEBUG:root:Query_complete
DEBUG:urllib3.connectionpool:Starting new HTTP connection (1): 172.16.1.70:80
DEBUG:urllib3.connectionpool:http://172.16.1.70:80 "POST /zabbix/api_jsonrpc.php HTTP/1.1" 200 None
INFO:root:Start_query
DEBUG:urllib3.connectionpool:Starting new HTTP connection (1): 172.16.1.70:80
DEBUG:urllib3.connectionpool:http://172.16.1.70:80 "POST /zabbix/api_jsonrpc.php HTTP/1.1" 200 None
DEBUG:root:writing_to_/Users/liangzhenning/Desktop/work/work_project/zabbix_api_v6/probe/zabbix_probe@20201014_17_04
DEBUG:urllib3.connectionpool:Starting new HTTP connection (1): 172.16.1.70:80
DEBUG:urllib3.connectionpool:http://172.16.1.70:80 "POST /zabbix/api_jsonrpc.php HTTP/1.1" 200 None
DEBUG:root:writing_to_/Users/liangzhenning/Desktop/work/work_project/zabbix_api_v6/probe/zabbix_probe@20201014_17_04
DEBUG:root:Query_complete
DEBUG:urllib3.connectionpool:Starting new HTTP connection (1): 172.16.1.70:80
DEBUG:urllib3.connectionpool:http://172.16.1.70:80 "POST /zabbix/api_jsonrpc.php HTTP/1.1" 200 None
INFO:root:Start_query
DEBUG:urllib3.connectionpool:Starting new HTTP connection (1): 172.16.1.70:80
DEBUG:urllib3.connectionpool:http://172.16.1.70:80 "POST /zabbix/api_jsonrpc.php HTTP/1.1" 200 None
DEBUG:root:writing_to_/Users/liangzhenning/Desktop/work/work_project/zabbix_api_v6/probe/zabbix_probe@20201014_17_05
DEBUG:urllib3.connectionpool:Starting new HTTP connection (1): 172.16.1.70:80
DEBUG:urllib3.connectionpool:http://172.16.1.70:80 "POST /zabbix/api_jsonrpc.php HTTP/1.1" 200 None
DEBUG:root:writing_to_/Users/liangzhenning/Desktop/work/work_project/zabbix_api_v6/probe/zabbix_probe@20201014_17_05
DEBUG:root:Query_complete
DEBUG:urllib3.connectionpool:Starting new HTTP connection (1): 172.16.1.70:80
DEBUG:urllib3.connectionpool:http://172.16.1.70:80 "POST /zabbix/api_jsonrpc.php HTTP/1.1" 200 None
INFO:root:Start_query
DEBUG:urllib3.connectionpool:Starting new HTTP connection (1): 172.16.1.70:80
DEBUG:urllib3.connectionpool:http://172.16.1.70:80 "POST /zabbix/api_jsonrpc.php HTTP/1.1" 200 None
DEBUG:root:writing_to_/Users/liangzhenning/Desktop/work/work_project/zabbix_api_v6/probe/zabbix_probe@20201014_17_06
DEBUG:urllib3.connectionpool:Starting new HTTP connection (1): 172.16.1.70:80
DEBUG:urllib3.connectionpool:http://172.16.1.70:80 "POST /zabbix/api_jsonrpc.php HTTP/1.1" 200 None
INFO:root:Empty_result
DEBUG:root:Query_complete
DEBUG:root:Send_stop_message
DEBUG:root:stopping
INFO:root:daemon_has_stoped
DEBUG:root:Send_start_message
DEBUG:root:starting
DEBUG:root:PID:None
DEBUG:root:daemonizing
INFO:root:Daemon_Hi_3929
INFO:root:Daemon_Hi_3931
INFO:root:Daemon_Hi_3931
INFO:root:Daemon_Hi_3932
DEBUG:root:End_of_dup2
INFO:root:Daemon_is_now_running_3932
DEBUG:root:Daemonize_complete
DEBUG:root:setting_up_config
DEBUG:root:config_complete
DEBUG:urllib3.connectionpool:Starting new HTTP connection (1): 172.16.1.70:80
DEBUG:urllib3.connectionpool:http://172.16.1.70:80 "POST /zabbix/api_jsonrpc.php HTTP/1.1" 200 None
DEBUG:root:keytoken=98891b76e872df7a43d9271cb0be62c6
INFO:root:UI_is_now_running
DEBUG:urllib3.connectionpool:Starting new HTTP connection (1): 172.16.1.70:80
DEBUG:urllib3.connectionpool:http://172.16.1.70:80 "POST /zabbix/api_jsonrpc.php HTTP/1.1" 200 None
INFO:root:Start_query
DEBUG:urllib3.connectionpool:Starting new HTTP connection (1): 172.16.1.70:80
DEBUG:urllib3.connectionpool:http://172.16.1.70:80 "POST /zabbix/api_jsonrpc.php HTTP/1.1" 200 None
DEBUG:root:writing_to_/Users/liangzhenning/Desktop/work/work_project/zabbix_api_v6/probe/zabbix_probe@20201014_17_08
DEBUG:urllib3.connectionpool:Starting new HTTP connection (1): 172.16.1.70:80
DEBUG:urllib3.connectionpool:http://172.16.1.70:80 "POST /zabbix/api_jsonrpc.php HTTP/1.1" 200 None
DEBUG:root:writing_to_/Users/liangzhenning/Desktop/work/work_project/zabbix_api_v6/probe/zabbix_probe@20201014_17_08
DEBUG:root:Query_complete
DEBUG:urllib3.connectionpool:Starting new HTTP connection (1): 172.16.1.70:80
DEBUG:urllib3.connectionpool:http://172.16.1.70:80 "POST /zabbix/api_jsonrpc.php HTTP/1.1" 200 None
INFO:root:Start_query
DEBUG:urllib3.connectionpool:Starting new HTTP connection (1): 172.16.1.70:80
DEBUG:urllib3.connectionpool:http://172.16.1.70:80 "POST /zabbix/api_jsonrpc.php HTTP/1.1" 200 None
DEBUG:root:writing_to_/Users/liangzhenning/Desktop/work/work_project/zabbix_api_v6/probe/zabbix_probe@20201014_17_09
DEBUG:urllib3.connectionpool:Starting new HTTP connection (1): 172.16.1.70:80
DEBUG:urllib3.connectionpool:http://172.16.1.70:80 "POST /zabbix/api_jsonrpc.php HTTP/1.1" 200 None
INFO:root:Empty_result
DEBUG:root:Query_complete
DEBUG:urllib3.connectionpool:Starting new HTTP connection (1): 172.16.1.70:80
DEBUG:urllib3.connectionpool:http://172.16.1.70:80 "POST /zabbix/api_jsonrpc.php HTTP/1.1" 200 None
INFO:root:Start_query
DEBUG:urllib3.connectionpool:Starting new HTTP connection (1): 172.16.1.70:80
DEBUG:urllib3.connectionpool:http://172.16.1.70:80 "POST /zabbix/api_jsonrpc.php HTTP/1.1" 200 None
DEBUG:root:writing_to_/Users/liangzhenning/Desktop/work/work_project/zabbix_api_v6/probe/zabbix_probe@20201014_17_10
DEBUG:urllib3.connectionpool:Starting new HTTP connection (1): 172.16.1.70:80
DEBUG:urllib3.connectionpool:http://172.16.1.70:80 "POST /zabbix/api_jsonrpc.php HTTP/1.1" 200 None
DEBUG:root:writing_to_/Users/liangzhenning/Desktop/work/work_project/zabbix_api_v6/probe/zabbix_probe@20201014_17_10
DEBUG:root:Query_complete
DEBUG:urllib3.connectionpool:Starting new HTTP connection (1): 172.16.1.70:80
DEBUG:urllib3.connectionpool:http://172.16.1.70:80 "POST /zabbix/api_jsonrpc.php HTTP/1.1" 200 None
INFO:root:Start_query
DEBUG:urllib3.connectionpool:Starting new HTTP connection (1): 172.16.1.70:80
DEBUG:urllib3.connectionpool:http://172.16.1.70:80 "POST /zabbix/api_jsonrpc.php HTTP/1.1" 200 None
DEBUG:root:writing_to_/Users/liangzhenning/Desktop/work/work_project/zabbix_api_v6/probe/zabbix_probe@20201014_17_11
DEBUG:urllib3.connectionpool:Starting new HTTP connection (1): 172.16.1.70:80
DEBUG:urllib3.connectionpool:http://172.16.1.70:80 "POST /zabbix/api_jsonrpc.php HTTP/1.1" 200 None
DEBUG:root:writing_to_/Users/liangzhenning/Desktop/work/work_project/zabbix_api_v6/probe/zabbix_probe@20201014_17_11
DEBUG:root:Query_complete
DEBUG:urllib3.connectionpool:Starting new HTTP connection (1): 172.16.1.70:80
DEBUG:urllib3.connectionpool:http://172.16.1.70:80 "POST /zabbix/api_jsonrpc.php HTTP/1.1" 200 None
INFO:root:Start_query
DEBUG:urllib3.connectionpool:Starting new HTTP connection (1): 172.16.1.70:80
DEBUG:urllib3.connectionpool:http://172.16.1.70:80 "POST /zabbix/api_jsonrpc.php HTTP/1.1" 200 None
DEBUG:root:writing_to_/Users/liangzhenning/Desktop/work/work_project/zabbix_api_v6/probe/zabbix_probe@20201014_17_12
DEBUG:urllib3.connectionpool:Starting new HTTP connection (1): 172.16.1.70:80
DEBUG:urllib3.connectionpool:http://172.16.1.70:80 "POST /zabbix/api_jsonrpc.php HTTP/1.1" 200 None
INFO:root:Empty_result
DEBUG:root:Query_complete
DEBUG:urllib3.connectionpool:Starting new HTTP connection (1): 172.16.1.70:80
DEBUG:urllib3.connectionpool:http://172.16.1.70:80 "POST /zabbix/api_jsonrpc.php HTTP/1.1" 200 None
INFO:root:Start_query
DEBUG:urllib3.connectionpool:Starting new HTTP connection (1): 172.16.1.70:80
DEBUG:urllib3.connectionpool:http://172.16.1.70:80 "POST /zabbix/api_jsonrpc.php HTTP/1.1" 200 None
DEBUG:root:writing_to_/Users/liangzhenning/Desktop/work/work_project/zabbix_api_v6/probe/zabbix_probe@20201014_17_13
DEBUG:urllib3.connectionpool:Starting new HTTP connection (1): 172.16.1.70:80
DEBUG:urllib3.connectionpool:http://172.16.1.70:80 "POST /zabbix/api_jsonrpc.php HTTP/1.1" 200 None
DEBUG:root:writing_to_/Users/liangzhenning/Desktop/work/work_project/zabbix_api_v6/probe/zabbix_probe@20201014_17_13
DEBUG:root:Query_complete
DEBUG:urllib3.connectionpool:Starting new HTTP connection (1): 172.16.1.70:80
DEBUG:urllib3.connectionpool:http://172.16.1.70:80 "POST /zabbix/api_jsonrpc.php HTTP/1.1" 200 None
INFO:root:Start_query
DEBUG:urllib3.connectionpool:Starting new HTTP connection (1): 172.16.1.70:80
DEBUG:urllib3.connectionpool:http://172.16.1.70:80 "POST /zabbix/api_jsonrpc.php HTTP/1.1" 200 None
DEBUG:root:writing_to_/Users/liangzhenning/Desktop/work/work_project/zabbix_api_v6/probe/zabbix_probe@20201014_17_14
DEBUG:urllib3.connectionpool:Starting new HTTP connection (1): 172.16.1.70:80
DEBUG:urllib3.connectionpool:http://172.16.1.70:80 "POST /zabbix/api_jsonrpc.php HTTP/1.1" 200 None
DEBUG:root:writing_to_/Users/liangzhenning/Desktop/work/work_project/zabbix_api_v6/probe/zabbix_probe@20201014_17_14
DEBUG:root:Query_complete
DEBUG:urllib3.connectionpool:Starting new HTTP connection (1): 172.16.1.70:80
DEBUG:urllib3.connectionpool:http://172.16.1.70:80 "POST /zabbix/api_jsonrpc.php HTTP/1.1" 200 None
INFO:root:Start_query
DEBUG:urllib3.connectionpool:Starting new HTTP connection (1): 172.16.1.70:80
DEBUG:urllib3.connectionpool:http://172.16.1.70:80 "POST /zabbix/api_jsonrpc.php HTTP/1.1" 200 None
DEBUG:root:writing_to_/Users/liangzhenning/Desktop/work/work_project/zabbix_api_v6/probe/zabbix_probe@20201014_17_15
DEBUG:urllib3.connectionpool:Starting new HTTP connection (1): 172.16.1.70:80
DEBUG:urllib3.connectionpool:http://172.16.1.70:80 "POST /zabbix/api_jsonrpc.php HTTP/1.1" 200 None
INFO:root:Empty_result
DEBUG:root:Query_complete
DEBUG:root:Send_stop_message
DEBUG:root:stopping
INFO:root:daemon_has_stoped
DEBUG:root:Send_start_message
DEBUG:root:starting
DEBUG:root:PID:None
DEBUG:root:daemonizing
INFO:root:Daemon_Hi_4795
INFO:root:Daemon_Hi_4799
INFO:root:Daemon_Hi_4799
INFO:root:Daemon_Hi_4800
DEBUG:root:End_of_dup2
INFO:root:Daemon_is_now_running_4800
DEBUG:root:Daemonize_complete
DEBUG:root:setting_up_config
DEBUG:root:config_complete
DEBUG:urllib3.connectionpool:Starting new HTTP connection (1): 172.16.1.70:80
DEBUG:urllib3.connectionpool:http://172.16.1.70:80 "POST /zabbix/api_jsonrpc.php HTTP/1.1" 200 None
DEBUG:root:keytoken=1f6943c2961bae568537c1bfb7a45265
ERROR:root:UI_error
Traceback (most recent call last):
  File "zabbix_main.py", line 48, in run
    fp.write(zui.show_host())
  File "/Users/liangzhenning/Desktop/work/work_project/zabbix_api_v6/zabbix_UI.py", line 8, in show_host
    return request.host
  File "/usr/local/lib/python3.8/site-packages/werkzeug/local.py", line 347, in __getattr__
    return getattr(self._get_current_object(), name)
  File "/usr/local/lib/python3.8/site-packages/werkzeug/local.py", line 306, in _get_current_object
    return self.__local()
  File "/usr/local/lib/python3.8/site-packages/flask/globals.py", line 38, in _lookup_req_object
    raise RuntimeError(_request_ctx_err_msg)
RuntimeError: Working outside of request context.

This typically means that you attempted to use functionality that needed
an active HTTP request.  Consult the documentation on testing for
information about how to avoid this problem.
INFO:root:Daemon_Goodbye_4800
DEBUG:root:Send_start_message
DEBUG:root:starting
DEBUG:root:PID:None
DEBUG:root:daemonizing
INFO:root:Daemon_Hi_5105
INFO:root:Daemon_Hi_5107
INFO:root:Daemon_Hi_5107
INFO:root:Daemon_Hi_5108
DEBUG:root:End_of_dup2
INFO:root:Daemon_is_now_running_5108
DEBUG:root:Daemonize_complete
DEBUG:root:setting_up_config
DEBUG:root:config_complete
DEBUG:urllib3.connectionpool:Starting new HTTP connection (1): 172.16.1.70:80
DEBUG:urllib3.connectionpool:http://172.16.1.70:80 "POST /zabbix/api_jsonrpc.php HTTP/1.1" 200 None
DEBUG:root:keytoken=a039427bdce40d89b266b8aafdd2c442
ERROR:root:UI_error
Traceback (most recent call last):
  File "zabbix_main.py", line 49, in run
    fp.write(zui.show_host())
  File "/Users/liangzhenning/Desktop/work/work_project/zabbix_api_v6/zabbix_UI.py", line 8, in show_host
    return request.host
  File "/usr/local/lib/python3.8/site-packages/werkzeug/local.py", line 347, in __getattr__
    return getattr(self._get_current_object(), name)
  File "/usr/local/lib/python3.8/site-packages/werkzeug/local.py", line 306, in _get_current_object
    return self.__local()
  File "/usr/local/lib/python3.8/site-packages/flask/globals.py", line 38, in _lookup_req_object
    raise RuntimeError(_request_ctx_err_msg)
RuntimeError: Working outside of request context.

This typically means that you attempted to use functionality that needed
an active HTTP request.  Consult the documentation on testing for
information about how to avoid this problem.
INFO:root:Daemon_Goodbye_5108
DEBUG:root:Send_start_message
DEBUG:root:starting
DEBUG:root:PID:None
DEBUG:root:daemonizing
INFO:root:Daemon_Hi_5754
INFO:root:Daemon_Hi_5756
INFO:root:Daemon_Hi_5756
INFO:root:Daemon_Hi_5757
DEBUG:root:End_of_dup2
INFO:root:Daemon_is_now_running_5757
DEBUG:root:Daemonize_complete
DEBUG:root:config_complete
DEBUG:urllib3.connectionpool:Starting new HTTP connection (1): 172.16.1.70:80
DEBUG:urllib3.connectionpool:http://172.16.1.70:80 "POST /zabbix/api_jsonrpc.php HTTP/1.1" 200 None
DEBUG:root:keytoken=ffa82d05f9b6f4d6595d73466bb6d6d6
INFO:root:UI_is_now_running
DEBUG:urllib3.connectionpool:Starting new HTTP connection (1): 172.16.1.70:80
DEBUG:urllib3.connectionpool:http://172.16.1.70:80 "POST /zabbix/api_jsonrpc.php HTTP/1.1" 200 None
INFO:root:Start_query
DEBUG:urllib3.connectionpool:Starting new HTTP connection (1): 172.16.1.70:80
DEBUG:urllib3.connectionpool:http://172.16.1.70:80 "POST /zabbix/api_jsonrpc.php HTTP/1.1" 200 None
DEBUG:root:writing_to_/Users/liangzhenning/Desktop/work/work_project/zabbix_api_v6/probe/zabbix_probe@20201014_17_36
DEBUG:urllib3.connectionpool:Starting new HTTP connection (1): 172.16.1.70:80
DEBUG:urllib3.connectionpool:http://172.16.1.70:80 "POST /zabbix/api_jsonrpc.php HTTP/1.1" 200 None
INFO:root:Empty_result
DEBUG:root:Query_complete
DEBUG:urllib3.connectionpool:Starting new HTTP connection (1): 172.16.1.70:80
DEBUG:urllib3.connectionpool:http://172.16.1.70:80 "POST /zabbix/api_jsonrpc.php HTTP/1.1" 200 None
INFO:root:Start_query
DEBUG:urllib3.connectionpool:Starting new HTTP connection (1): 172.16.1.70:80
DEBUG:urllib3.connectionpool:http://172.16.1.70:80 "POST /zabbix/api_jsonrpc.php HTTP/1.1" 200 None
DEBUG:root:writing_to_/Users/liangzhenning/Desktop/work/work_project/zabbix_api_v6/probe/zabbix_probe@20201014_17_37
DEBUG:urllib3.connectionpool:Starting new HTTP connection (1): 172.16.1.70:80
DEBUG:urllib3.connectionpool:http://172.16.1.70:80 "POST /zabbix/api_jsonrpc.php HTTP/1.1" 200 None
DEBUG:root:writing_to_/Users/liangzhenning/Desktop/work/work_project/zabbix_api_v6/probe/zabbix_probe@20201014_17_37
DEBUG:root:Query_complete
DEBUG:urllib3.connectionpool:Starting new HTTP connection (1): 172.16.1.70:80
DEBUG:urllib3.connectionpool:http://172.16.1.70:80 "POST /zabbix/api_jsonrpc.php HTTP/1.1" 200 None
INFO:root:Start_query
DEBUG:urllib3.connectionpool:Starting new HTTP connection (1): 172.16.1.70:80
DEBUG:urllib3.connectionpool:http://172.16.1.70:80 "POST /zabbix/api_jsonrpc.php HTTP/1.1" 200 None
DEBUG:root:writing_to_/Users/liangzhenning/Desktop/work/work_project/zabbix_api_v6/probe/zabbix_probe@20201014_17_38
DEBUG:urllib3.connectionpool:Starting new HTTP connection (1): 172.16.1.70:80
DEBUG:urllib3.connectionpool:http://172.16.1.70:80 "POST /zabbix/api_jsonrpc.php HTTP/1.1" 200 None
DEBUG:root:writing_to_/Users/liangzhenning/Desktop/work/work_project/zabbix_api_v6/probe/zabbix_probe@20201014_17_38
DEBUG:root:Query_complete
DEBUG:root:Send_stop_message
DEBUG:root:stopping
INFO:root:daemon_has_stoped
DEBUG:root:Send_daemon_message
DEBUG:root:starting
INFO:root:Daemonize_off
DEBUG:root:config_complete
DEBUG:urllib3.connectionpool:Starting new HTTP connection (1): 172.16.1.70:80
DEBUG:root:Send_start_message
DEBUG:root:starting
DEBUG:root:PID=None
DEBUG:root:daemonizing
INFO:root:Daemon_Hi_8516
INFO:root:Daemon_Hi_8518
INFO:root:Daemon_Hi_8518
INFO:root:Daemon_Hi_8519
DEBUG:root:End_of_dup2
INFO:root:Daemon_is_now_running_8519
INFO:root:Daemonize_complete
DEBUG:root:config_complete
DEBUG:urllib3.connectionpool:Starting new HTTP connection (1): 172.16.1.70:80
DEBUG:urllib3.connectionpool:http://172.16.1.70:80 "POST /zabbix/api_jsonrpc.php HTTP/1.1" 200 None
DEBUG:root:keytoken=79ea4aa18279331e93d339fca52a642e
INFO:root:UI_is_now_running
INFO:werkzeug: * Running on http://127.0.0.1:51470/ (Press CTRL+C to quit)
DEBUG:urllib3.connectionpool:Starting new HTTP connection (1): 172.16.1.70:80
DEBUG:urllib3.connectionpool:http://172.16.1.70:80 "POST /zabbix/api_jsonrpc.php HTTP/1.1" 200 None
INFO:root:Start_query
DEBUG:urllib3.connectionpool:Starting new HTTP connection (1): 172.16.1.70:80
DEBUG:urllib3.connectionpool:http://172.16.1.70:80 "POST /zabbix/api_jsonrpc.php HTTP/1.1" 200 None
DEBUG:root:writing_to_/Users/liangzhenning/Desktop/work/work_project/zabbix_api_v6/probe/zabbix_probe@20201016_11_00
DEBUG:urllib3.connectionpool:Starting new HTTP connection (1): 172.16.1.70:80
DEBUG:urllib3.connectionpool:http://172.16.1.70:80 "POST /zabbix/api_jsonrpc.php HTTP/1.1" 200 None
INFO:root:Empty_result
DEBUG:root:Query_complete
DEBUG:root:Send_stop_message
DEBUG:root:stopping
INFO:root:daemon_has_stoped
DEBUG:root:Send_start_message
DEBUG:root:starting
INFO:root:Daemonize_off
DEBUG:root:config_complete
DEBUG:urllib3.connectionpool:Starting new HTTP connection (1): 172.16.1.70:80
DEBUG:urllib3.connectionpool:http://172.16.1.70:80 "POST /zabbix/api_jsonrpc.php HTTP/1.1" 200 None
DEBUG:root:keytoken=788b0a1448a85881c19f40bf0d546fb9
INFO:root:UI_is_now_running
DEBUG:urllib3.connectionpool:Starting new HTTP connection (1): 172.16.1.70:80
INFO:werkzeug: * Running on http://127.0.0.1:51505/ (Press CTRL+C to quit)
DEBUG:urllib3.connectionpool:http://172.16.1.70:80 "POST /zabbix/api_jsonrpc.php HTTP/1.1" 200 None
INFO:root:Start_query
DEBUG:urllib3.connectionpool:Starting new HTTP connection (1): 172.16.1.70:80
DEBUG:urllib3.connectionpool:http://172.16.1.70:80 "POST /zabbix/api_jsonrpc.php HTTP/1.1" 200 None
DEBUG:root:writing_to_/Users/liangzhenning/Desktop/work/work_project/zabbix_api_v6/probe/zabbix_probe@20201016_11_01
DEBUG:urllib3.connectionpool:Starting new HTTP connection (1): 172.16.1.70:80
DEBUG:urllib3.connectionpool:http://172.16.1.70:80 "POST /zabbix/api_jsonrpc.php HTTP/1.1" 200 None
DEBUG:root:writing_to_/Users/liangzhenning/Desktop/work/work_project/zabbix_api_v6/probe/zabbix_probe@20201016_11_01
DEBUG:root:Query_complete
DEBUG:urllib3.connectionpool:Starting new HTTP connection (1): 172.16.1.70:80
DEBUG:urllib3.connectionpool:http://172.16.1.70:80 "POST /zabbix/api_jsonrpc.php HTTP/1.1" 200 None
INFO:root:Start_query
DEBUG:urllib3.connectionpool:Starting new HTTP connection (1): 172.16.1.70:80
DEBUG:urllib3.connectionpool:http://172.16.1.70:80 "POST /zabbix/api_jsonrpc.php HTTP/1.1" 200 None
DEBUG:root:writing_to_/Users/liangzhenning/Desktop/work/work_project/zabbix_api_v6/probe/zabbix_probe@20201016_11_02
DEBUG:urllib3.connectionpool:Starting new HTTP connection (1): 172.16.1.70:80
DEBUG:urllib3.connectionpool:http://172.16.1.70:80 "POST /zabbix/api_jsonrpc.php HTTP/1.1" 200 None
DEBUG:root:writing_to_/Users/liangzhenning/Desktop/work/work_project/zabbix_api_v6/probe/zabbix_probe@20201016_11_02
DEBUG:root:Query_complete
DEBUG:urllib3.connectionpool:Starting new HTTP connection (1): 172.16.1.70:80
DEBUG:urllib3.connectionpool:http://172.16.1.70:80 "POST /zabbix/api_jsonrpc.php HTTP/1.1" 200 None
INFO:root:Start_query
DEBUG:urllib3.connectionpool:Starting new HTTP connection (1): 172.16.1.70:80
DEBUG:urllib3.connectionpool:http://172.16.1.70:80 "POST /zabbix/api_jsonrpc.php HTTP/1.1" 200 None
DEBUG:root:writing_to_/Users/liangzhenning/Desktop/work/work_project/zabbix_api_v6/probe/zabbix_probe@20201016_11_03
DEBUG:urllib3.connectionpool:Starting new HTTP connection (1): 172.16.1.70:80
DEBUG:urllib3.connectionpool:http://172.16.1.70:80 "POST /zabbix/api_jsonrpc.php HTTP/1.1" 200 None
INFO:root:Empty_result
DEBUG:root:Query_complete
DEBUG:urllib3.connectionpool:Starting new HTTP connection (1): 172.16.1.70:80
DEBUG:urllib3.connectionpool:http://172.16.1.70:80 "POST /zabbix/api_jsonrpc.php HTTP/1.1" 200 None
INFO:root:Start_query
DEBUG:urllib3.connectionpool:Starting new HTTP connection (1): 172.16.1.70:80
DEBUG:urllib3.connectionpool:http://172.16.1.70:80 "POST /zabbix/api_jsonrpc.php HTTP/1.1" 200 None
DEBUG:root:writing_to_/Users/liangzhenning/Desktop/work/work_project/zabbix_api_v6/probe/zabbix_probe@20201016_11_04
DEBUG:urllib3.connectionpool:Starting new HTTP connection (1): 172.16.1.70:80
DEBUG:urllib3.connectionpool:http://172.16.1.70:80 "POST /zabbix/api_jsonrpc.php HTTP/1.1" 200 None
DEBUG:root:writing_to_/Users/liangzhenning/Desktop/work/work_project/zabbix_api_v6/probe/zabbix_probe@20201016_11_04
DEBUG:root:Query_complete
INFO:root:Daemonize_off
INFO:root:UI_is_now_running
INFO:werkzeug: * Running on http://127.0.0.1:51571/ (Press CTRL+C to quit)
INFO:root:Start_query
INFO:root:Start_query
INFO:root:Empty_result
INFO:werkzeug:127.0.0.1 - - [16/Oct/2020 11:06:59] "[37mGET / HTTP/1.1[0m" 200 -
INFO:root:Start_query
INFO:werkzeug:127.0.0.1 - - [16/Oct/2020 11:07:02] "[37mGET /show HTTP/1.1[0m" 200 -
INFO:root:Daemon_Hi_8597
INFO:root:Daemon_Hi_8599
INFO:root:Daemon_Hi_8599
INFO:root:Daemon_Hi_8600
INFO:root:Daemon_is_now_running_8600
INFO:root:Daemonize_complete
INFO:root:UI_is_now_running
INFO:werkzeug: * Running on http://127.0.0.1:51604/ (Press CTRL+C to quit)
INFO:root:Start_query
INFO:werkzeug:127.0.0.1 - - [16/Oct/2020 11:08:27] "[37mGET / HTTP/1.1[0m" 200 -
INFO:werkzeug:127.0.0.1 - - [16/Oct/2020 11:08:29] "[37mGET /show HTTP/1.1[0m" 200 -
INFO:root:Start_query
INFO:root:Empty_result
INFO:root:Start_query
INFO:root:daemon_has_stoped
